<?xml version="1.0" encoding="UTF-8"?>
<testng-results ignored="0" total="1" passed="1" failed="0" skipped="0">
  <reporter-output>
  </reporter-output>
  <suite started-at="2024-01-17T23:25:17 IST" name="Default suite" finished-at="2024-01-17T23:25:28 IST" duration-ms="10211">
    <groups>
    </groups>
    <test started-at="2024-01-17T23:25:17 IST" name="Default test" finished-at="2024-01-17T23:25:28 IST" duration-ms="10211">
      <class name="orange.Practicedropdown">
        <test-method signature="Dropdown()[pri:0, instance:orange.Practicedropdown@21282ed8]" started-at="2024-01-17T23:25:17 IST" name="Dropdown" finished-at="2024-01-17T23:25:28 IST" duration-ms="10142" status="PASS">
          <reporter-output>
          </reporter-output>
        </test-method> <!-- Dropdown -->
      </class> <!-- orange.Practicedropdown -->
    </test> <!-- Default test -->
  </suite> <!-- Default suite -->
</testng-results>
